# JRE version: Java(TM) SE Runtime Environment (8.0_101-b13) (build 1.8.0_101-b13)
# Java VM: Java HotSpot(TM) 64-Bit Server VM (25.101-b13 mixed mode windows-amd64 compressed oops)
Heap:
 PSYoungGen      total 151040K, used 118960K [0x00000000f0000000, 0x00000000fdc80000, 0x0000000100000000)
  eden space 115200K, 97% used [0x00000000f0000000,0x00000000f6d301a0,0x00000000f7080000)
  from space 35840K, 19% used [0x00000000f7080000,0x00000000f777c018,0x00000000f9380000)
  to   space 39424K, 0% used [0x00000000fb600000,0x00000000fb600000,0x00000000fdc80000)
 ParOldGen       total 139264K, used 63240K [0x00000000d0000000, 0x00000000d8800000, 0x00000000f0000000)
  object space 139264K, 45% used [0x00000000d0000000,0x00000000d3dc2320,0x00000000d8800000)
 Metaspace       used 57356K, capacity 57752K, committed 58112K, reserved 1095680K
  class space    used 10803K, capacity 10927K, committed 11008K, reserved 1048576K
GC Heap History (10 events):
Event: 15.729 GC heap before
{Heap before GC invocations=18 (full 2):
 PSYoungGen      total 91648K, used 91632K [0x00000000f0000000, 0x00000000f9280000, 0x0000000100000000)
  eden space 77312K, 100% used [0x00000000f0000000,0x00000000f4b80000,0x00000000f4b80000)
  from space 14336K, 99% used [0x00000000f4b80000,0x00000000f597c070,0x00000000f5980000)
  to   space 24576K, 0% used [0x00000000f7a80000,0x00000000f7a80000,0x00000000f9280000)
 ParOldGen       total 63488K, used 46668K [0x00000000d0000000, 0x00000000d3e00000, 0x00000000f0000000)
  object space 63488K, 73% used [0x00000000d0000000,0x00000000d2d93078,0x00000000d3e00000)
 Metaspace       used 54857K, capacity 55288K, committed 55552K, reserved 1093632K
  class space    used 10306K, capacity 10443K, committed 10496K, reserved 1048576K
Event: 15.744 GC heap after
Heap after GC invocations=18 (full 2):
 PSYoungGen      total 120832K, used 24548K [0x00000000f0000000, 0x00000000f9d00000, 0x0000000100000000)
  eden space 96256K, 0% used [0x00000000f0000000,0x00000000f0000000,0x00000000f5e00000)
  from space 24576K, 99% used [0x00000000f7a80000,0x00000000f92790c0,0x00000000f9280000)
  to   space 29184K, 0% used [0x00000000f5e00000,0x00000000f5e00000,0x00000000f7a80000)
 ParOldGen       total 63488K, used 47990K [0x00000000d0000000, 0x00000000d3e00000, 0x00000000f0000000)
  object space 63488K, 75% used [0x00000000d0000000,0x00000000d2edd890,0x00000000d3e00000)
 Metaspace       used 54857K, capacity 55288K, committed 55552K, reserved 1093632K
  class space    used 10306K, capacity 10443K, committed 10496K, reserved 1048576K
}
Event: 16.724 GC heap before
{Heap before GC invocations=19 (full 2):
 PSYoungGen      total 120832K, used 120804K [0x00000000f0000000, 0x00000000f9d00000, 0x0000000100000000)
  eden space 96256K, 100% used [0x00000000f0000000,0x00000000f5e00000,0x00000000f5e00000)
  from space 24576K, 99% used [0x00000000f7a80000,0x00000000f92790c0,0x00000000f9280000)
  to   space 29184K, 0% used [0x00000000f5e00000,0x00000000f5e00000,0x00000000f7a80000)
 ParOldGen       total 63488K, used 47990K [0x00000000d0000000, 0x00000000d3e00000, 0x00000000f0000000)
  object space 63488K, 75% used [0x00000000d0000000,0x00000000d2edd890,0x00000000d3e00000)
 Metaspace       used 56190K, capacity 56584K, committed 56832K, reserved 1095680K
  class space    used 10565K, capacity 10703K, committed 10752K, reserved 1048576K
Event: 16.744 GC heap after
Heap after GC invocations=19 (full 2):
 PSYoungGen      total 125440K, used 26267K [0x00000000f0000000, 0x00000000fb380000, 0x0000000100000000)
  eden space 96256K, 0% used [0x00000000f0000000,0x00000000f0000000,0x00000000f5e00000)
  from space 29184K, 90% used [0x00000000f5e00000,0x00000000f77a6ee8,0x00000000f7a80000)
  to   space 32768K, 0% used [0x00000000f9380000,0x00000000f9380000,0x00000000fb380000)
 ParOldGen       total 63488K, used 49554K [0x00000000d0000000, 0x00000000d3e00000, 0x00000000f0000000)
  object space 63488K, 78% used [0x00000000d0000000,0x00000000d30648f0,0x00000000d3e00000)
 Metaspace       used 56190K, capacity 56584K, committed 56832K, reserved 1095680K
  class space    used 10565K, capacity 10703K, committed 10752K, reserved 1048576K
}
Event: 17.080 GC heap before
{Heap before GC invocations=20 (full 2):
 PSYoungGen      total 125440K, used 122523K [0x00000000f0000000, 0x00000000fb380000, 0x0000000100000000)
  eden space 96256K, 100% used [0x00000000f0000000,0x00000000f5e00000,0x00000000f5e00000)
  from space 29184K, 90% used [0x00000000f5e00000,0x00000000f77a6ee8,0x00000000f7a80000)
  to   space 32768K, 0% used [0x00000000f9380000,0x00000000f9380000,0x00000000fb380000)
 ParOldGen       total 63488K, used 49554K [0x00000000d0000000, 0x00000000d3e00000, 0x00000000f0000000)
  object space 63488K, 78% used [0x00000000d0000000,0x00000000d30648f0,0x00000000d3e00000)
 Metaspace       used 57050K, capacity 57428K, committed 57600K, reserved 1095680K
  class space    used 10796K, capacity 10903K, committed 11008K, reserved 1048576K
Event: 17.102 GC heap after
Heap after GC invocations=20 (full 2):
 PSYoungGen      total 147968K, used 26796K [0x00000000f0000000, 0x00000000fbe00000, 0x0000000100000000)
  eden space 115200K, 0% used [0x00000000f0000000,0x00000000f0000000,0x00000000f7080000)
  from space 32768K, 81% used [0x00000000f9380000,0x00000000fadab208,0x00000000fb380000)
  to   space 35840K, 0% used [0x00000000f7080000,0x00000000f7080000,0x00000000f9380000)
 ParOldGen       total 63488K, used 50119K [0x00000000d0000000, 0x00000000d3e00000, 0x00000000f0000000)
  object space 63488K, 78% used [0x00000000d0000000,0x00000000d30f1c48,0x00000000d3e00000)
 Metaspace       used 57050K, capacity 57428K, committed 57600K, reserved 1095680K
  class space    used 10796K, capacity 10903K, committed 11008K, reserved 1048576K
}
Event: 17.895 GC heap before
{Heap before GC invocations=21 (full 2):
 PSYoungGen      total 147968K, used 141996K [0x00000000f0000000, 0x00000000fbe00000, 0x0000000100000000)
  eden space 115200K, 100% used [0x00000000f0000000,0x00000000f7080000,0x00000000f7080000)
  from space 32768K, 81% used [0x00000000f9380000,0x00000000fadab208,0x00000000fb380000)
  to   space 35840K, 0% used [0x00000000f7080000,0x00000000f7080000,0x00000000f9380000)
 ParOldGen       total 63488K, used 50119K [0x00000000d0000000, 0x00000000d3e00000, 0x00000000f0000000)
  object space 63488K, 78% used [0x00000000d0000000,0x00000000d30f1c48,0x00000000d3e00000)
 Metaspace       used 57310K, capacity 57716K, committed 57856K, reserved 1095680K
  class space    used 10810K, capacity 10935K, committed 11008K, reserved 1048576K
Event: 17.917 GC heap after
Heap after GC invocations=21 (full 2):
 PSYoungGen      total 151040K, used 31134K [0x00000000f0000000, 0x00000000fdc80000, 0x0000000100000000)
  eden space 115200K, 0% used [0x00000000f0000000,0x00000000f0000000,0x00000000f7080000)
  from space 35840K, 86% used [0x00000000f7080000,0x00000000f8ee7890,0x00000000f9380000)
  to   space 39424K, 0% used [0x00000000fb600000,0x00000000fb600000,0x00000000fdc80000)
 ParOldGen       total 63488K, used 54711K [0x00000000d0000000, 0x00000000d3e00000, 0x00000000f0000000)
  object space 63488K, 86% used [0x00000000d0000000,0x00000000d356dc78,0x00000000d3e00000)
 Metaspace       used 57310K, capacity 57716K, committed 57856K, reserved 1095680K
  class space    used 10810K, capacity 10935K, committed 11008K, reserved 1048576K
}
Event: 17.917 GC heap before
{Heap before GC invocations=22 (full 3):
 PSYoungGen      total 151040K, used 31134K [0x00000000f0000000, 0x00000000fdc80000, 0x0000000100000000)
  eden space 115200K, 0% used [0x00000000f0000000,0x00000000f0000000,0x00000000f7080000)
  from space 35840K, 86% used [0x00000000f7080000,0x00000000f8ee7890,0x00000000f9380000)
  to   space 39424K, 0% used [0x00000000fb600000,0x00000000fb600000,0x00000000fdc80000)
 ParOldGen       total 63488K, used 54711K [0x00000000d0000000, 0x00000000d3e00000, 0x00000000f0000000)
  object space 63488K, 86% used [0x00000000d0000000,0x00000000d356dc78,0x00000000d3e00000)
 Metaspace       used 57310K, capacity 57716K, committed 57856K, reserved 1095680K
  class space    used 10810K, capacity 10935K, committed 11008K, reserved 1048576K
Event: 18.114 GC heap after
Heap after GC invocations=22 (full 3):
 PSYoungGen      total 151040K, used 7152K [0x00000000f0000000, 0x00000000fdc80000, 0x0000000100000000)
  eden space 115200K, 0% used [0x00000000f0000000,0x00000000f0000000,0x00000000f7080000)
  from space 35840K, 19% used [0x00000000f7080000,0x00000000f777c018,0x00000000f9380000)
  to   space 39424K, 0% used [0x00000000fb600000,0x00000000fb600000,0x00000000fdc80000)
 ParOldGen       total 139264K, used 63240K [0x00000000d0000000, 0x00000000d8800000, 0x00000000f0000000)
  object space 139264K, 45% used [0x00000000d0000000,0x00000000d3dc2320,0x00000000d8800000)
 Metaspace       used 57263K, capacity 57624K, committed 57856K, reserved 1095680K
  class space    used 10803K, capacity 10927K, committed 11008K, reserved 1048576K
}

