# JRE version: OpenJDK Runtime Environment (8.0_76-b03) (build 1.8.0_76-release-b03)
# Java VM: OpenJDK 64-Bit Server VM (25.76-b03 mixed mode windows-amd64 compressed oops)
Heap:
 PSYoungGen      total 305664K, used 142775K [0x00000000e0000000, 0x00000000f6900000, 0x0000000100000000)
  eden space 244736K, 52% used [0x00000000e0000000,0x00000000e7cc7098,0x00000000eef00000)
  from space 60928K, 24% used [0x00000000f2d80000,0x00000000f3c26d90,0x00000000f6900000)
  to   space 62464K, 0% used [0x00000000eef00000,0x00000000eef00000,0x00000000f2c00000)
 ParOldGen       total 185344K, used 49884K [0x00000000a0000000, 0x00000000ab500000, 0x00000000e0000000)
  object space 185344K, 26% used [0x00000000a0000000,0x00000000a30b70e0,0x00000000ab500000)
 Metaspace       used 75953K, capacity 78878K, committed 80768K, reserved 1120256K
  class space    used 9520K, capacity 9974K, committed 10624K, reserved 1048576K
GC Heap History (10 events):
Event: 2137.149 GC heap before
{Heap before GC invocations=44 (full 11):
 PSYoungGen      total 287744K, used 28596K [0x00000000e0000000, 0x00000000f5780000, 0x0000000100000000)
  eden space 223744K, 0% used [0x00000000e0000000,0x00000000e0000000,0x00000000eda80000)
  from space 64000K, 44% used [0x00000000eda80000,0x00000000ef66d2d0,0x00000000f1900000)
  to   space 61440K, 0% used [0x00000000f1b80000,0x00000000f1b80000,0x00000000f5780000)
 ParOldGen       total 185344K, used 93202K [0x00000000a0000000, 0x00000000ab500000, 0x00000000e0000000)
  object space 185344K, 50% used [0x00000000a0000000,0x00000000a5b04968,0x00000000ab500000)
 Metaspace       used 74697K, capacity 76918K, committed 80000K, reserved 1118208K
  class space    used 9383K, capacity 9749K, committed 10624K, reserved 1048576K
Event: 2137.451 GC heap after
Heap after GC invocations=44 (full 11):
 PSYoungGen      total 287744K, used 0K [0x00000000e0000000, 0x00000000f5780000, 0x0000000100000000)
  eden space 223744K, 0% used [0x00000000e0000000,0x00000000e0000000,0x00000000eda80000)
  from space 64000K, 0% used [0x00000000eda80000,0x00000000eda80000,0x00000000f1900000)
  to   space 61440K, 0% used [0x00000000f1b80000,0x00000000f1b80000,0x00000000f5780000)
 ParOldGen       total 185344K, used 45548K [0x00000000a0000000, 0x00000000ab500000, 0x00000000e0000000)
  object space 185344K, 24% used [0x00000000a0000000,0x00000000a2c7b068,0x00000000ab500000)
 Metaspace       used 74697K, capacity 76918K, committed 80000K, reserved 1118208K
  class space    used 9383K, capacity 9749K, committed 10624K, reserved 1048576K
}
Event: 2219.360 GC heap before
{Heap before GC invocations=45 (full 11):
 PSYoungGen      total 287744K, used 222540K [0x00000000e0000000, 0x00000000f5780000, 0x0000000100000000)
  eden space 223744K, 99% used [0x00000000e0000000,0x00000000ed953128,0x00000000eda80000)
  from space 64000K, 0% used [0x00000000eda80000,0x00000000eda80000,0x00000000f1900000)
  to   space 61440K, 0% used [0x00000000f1b80000,0x00000000f1b80000,0x00000000f5780000)
 ParOldGen       total 185344K, used 45548K [0x00000000a0000000, 0x00000000ab500000, 0x00000000e0000000)
  object space 185344K, 24% used [0x00000000a0000000,0x00000000a2c7b068,0x00000000ab500000)
 Metaspace       used 75355K, capacity 77996K, committed 80256K, reserved 1118208K
  class space    used 9464K, capacity 9879K, committed 10624K, reserved 1048576K
Event: 2219.366 GC heap after
Heap after GC invocations=45 (full 11):
 PSYoungGen      total 288768K, used 8042K [0x00000000e0000000, 0x00000000f6a00000, 0x0000000100000000)
  eden space 227328K, 0% used [0x00000000e0000000,0x00000000e0000000,0x00000000ede00000)
  from space 61440K, 13% used [0x00000000f1b80000,0x00000000f235aa98,0x00000000f5780000)
  to   space 62976K, 0% used [0x00000000ede00000,0x00000000ede00000,0x00000000f1b80000)
 ParOldGen       total 185344K, used 45556K [0x00000000a0000000, 0x00000000ab500000, 0x00000000e0000000)
  object space 185344K, 24% used [0x00000000a0000000,0x00000000a2c7d068,0x00000000ab500000)
 Metaspace       used 75355K, capacity 77996K, committed 80256K, reserved 1118208K
  class space    used 9464K, capacity 9879K, committed 10624K, reserved 1048576K
}
Event: 2321.891 GC heap before
{Heap before GC invocations=46 (full 11):
 PSYoungGen      total 288768K, used 221093K [0x00000000e0000000, 0x00000000f6a00000, 0x0000000100000000)
  eden space 227328K, 93% used [0x00000000e0000000,0x00000000ed00ea58,0x00000000ede00000)
  from space 61440K, 13% used [0x00000000f1b80000,0x00000000f235aa98,0x00000000f5780000)
  to   space 62976K, 0% used [0x00000000ede00000,0x00000000ede00000,0x00000000f1b80000)
 ParOldGen       total 185344K, used 45556K [0x00000000a0000000, 0x00000000ab500000, 0x00000000e0000000)
  object space 185344K, 24% used [0x00000000a0000000,0x00000000a2c7d068,0x00000000ab500000)
 Metaspace       used 75564K, capacity 78316K, committed 80512K, reserved 1120256K
  class space    used 9486K, capacity 9931K, committed 10624K, reserved 1048576K
Event: 2321.896 GC heap after
Heap after GC invocations=46 (full 11):
 PSYoungGen      total 290304K, used 5601K [0x00000000e0000000, 0x00000000f6c00000, 0x0000000100000000)
  eden space 227328K, 0% used [0x00000000e0000000,0x00000000e0000000,0x00000000ede00000)
  from space 62976K, 8% used [0x00000000ede00000,0x00000000ee378510,0x00000000f1b80000)
  to   space 64000K, 0% used [0x00000000f2d80000,0x00000000f2d80000,0x00000000f6c00000)
 ParOldGen       total 185344K, used 45564K [0x00000000a0000000, 0x00000000ab500000, 0x00000000e0000000)
  object space 185344K, 24% used [0x00000000a0000000,0x00000000a2c7f068,0x00000000ab500000)
 Metaspace       used 75564K, capacity 78316K, committed 80512K, reserved 1120256K
  class space    used 9486K, capacity 9931K, committed 10624K, reserved 1048576K
}
Event: 2321.896 GC heap before
{Heap before GC invocations=47 (full 12):
 PSYoungGen      total 290304K, used 5601K [0x00000000e0000000, 0x00000000f6c00000, 0x0000000100000000)
  eden space 227328K, 0% used [0x00000000e0000000,0x00000000e0000000,0x00000000ede00000)
  from space 62976K, 8% used [0x00000000ede00000,0x00000000ee378510,0x00000000f1b80000)
  to   space 64000K, 0% used [0x00000000f2d80000,0x00000000f2d80000,0x00000000f6c00000)
 ParOldGen       total 185344K, used 45564K [0x00000000a0000000, 0x00000000ab500000, 0x00000000e0000000)
  object space 185344K, 24% used [0x00000000a0000000,0x00000000a2c7f068,0x00000000ab500000)
 Metaspace       used 75564K, capacity 78316K, committed 80512K, reserved 1120256K
  class space    used 9486K, capacity 9931K, committed 10624K, reserved 1048576K
Event: 2322.308 GC heap after
Heap after GC invocations=47 (full 12):
 PSYoungGen      total 290304K, used 0K [0x00000000e0000000, 0x00000000f6c00000, 0x0000000100000000)
  eden space 227328K, 0% used [0x00000000e0000000,0x00000000e0000000,0x00000000ede00000)
  from space 62976K, 0% used [0x00000000ede00000,0x00000000ede00000,0x00000000f1b80000)
  to   space 64000K, 0% used [0x00000000f2d80000,0x00000000f2d80000,0x00000000f6c00000)
 ParOldGen       total 185344K, used 49876K [0x00000000a0000000, 0x00000000ab500000, 0x00000000e0000000)
  object space 185344K, 26% used [0x00000000a0000000,0x00000000a30b50e0,0x00000000ab500000)
 Metaspace       used 75564K, capacity 78316K, committed 80512K, reserved 1120256K
  class space    used 9486K, capacity 9931K, committed 10624K, reserved 1048576K
}
Event: 2378.256 GC heap before
{Heap before GC invocations=48 (full 12):
 PSYoungGen      total 290304K, used 227328K [0x00000000e0000000, 0x00000000f6c00000, 0x0000000100000000)
  eden space 227328K, 100% used [0x00000000e0000000,0x00000000ede00000,0x00000000ede00000)
  from space 62976K, 0% used [0x00000000ede00000,0x00000000ede00000,0x00000000f1b80000)
  to   space 64000K, 0% used [0x00000000f2d80000,0x00000000f2d80000,0x00000000f6c00000)
 ParOldGen       total 185344K, used 49876K [0x00000000a0000000, 0x00000000ab500000, 0x00000000e0000000)
  object space 185344K, 26% used [0x00000000a0000000,0x00000000a30b50e0,0x00000000ab500000)
 Metaspace       used 75866K, capacity 78810K, committed 80768K, reserved 1120256K
  class space    used 9520K, capacity 9974K, committed 10624K, reserved 1048576K
Event: 2378.266 GC heap after
Heap after GC invocations=48 (full 12):
 PSYoungGen      total 305664K, used 15003K [0x00000000e0000000, 0x00000000f6900000, 0x0000000100000000)
  eden space 244736K, 0% used [0x00000000e0000000,0x00000000e0000000,0x00000000eef00000)
  from space 60928K, 24% used [0x00000000f2d80000,0x00000000f3c26d90,0x00000000f6900000)
  to   space 62464K, 0% used [0x00000000eef00000,0x00000000eef00000,0x00000000f2c00000)
 ParOldGen       total 185344K, used 49884K [0x00000000a0000000, 0x00000000ab500000, 0x00000000e0000000)
  object space 185344K, 26% used [0x00000000a0000000,0x00000000a30b70e0,0x00000000ab500000)
 Metaspace       used 75866K, capacity 78810K, committed 80768K, reserved 1120256K
  class space    used 9520K, capacity 9974K, committed 10624K, reserved 1048576K
}

